# JRE version: OpenJDK Runtime Environment (11.0.15) (build 11.0.15+0-b2043.56-9505619)
# Java VM: OpenJDK 64-Bit Server VM (11.0.15+0-b2043.56-9505619, mixed mode, tiered, compressed oops, g1 gc, windows-amd64)
Heap:
 garbage-first heap   total 270336K, used 134597K [0x0000000080000000, 0x0000000100000000)
  region size 1024K, 16 young (16384K), 7 survivors (7168K)
 Metaspace       used 127408K, capacity 131538K, committed 131696K, reserved 1163264K
  class space    used 15666K, capacity 17174K, committed 17176K, reserved 1048576K
GC Heap History (20 events):
Event: 3537.576 GC heap before
{Heap before GC invocations=69 (full 0):
 garbage-first heap   total 270336K, used 231149K [0x0000000080000000, 0x0000000100000000)
  region size 1024K, 89 young (91136K), 5 survivors (5120K)
 Metaspace       used 126444K, capacity 130370K, committed 130416K, reserved 1163264K
  class space    used 15522K, capacity 16910K, committed 16920K, reserved 1048576K
}
Event: 3537.825 GC heap after
{Heap after GC invocations=70 (full 0):
 garbage-first heap   total 270336K, used 128801K [0x0000000080000000, 0x0000000100000000)
  region size 1024K, 6 young (6144K), 6 survivors (6144K)
 Metaspace       used 126444K, capacity 130370K, committed 130416K, reserved 1163264K
  class space    used 15522K, capacity 16910K, committed 16920K, reserved 1048576K
}
Event: 3539.250 GC heap before
{Heap before GC invocations=70 (full 0):
 garbage-first heap   total 270336K, used 135969K [0x0000000080000000, 0x0000000100000000)
  region size 1024K, 13 young (13312K), 6 survivors (6144K)
 Metaspace       used 126563K, capacity 130538K, committed 130800K, reserved 1163264K
  class space    used 15549K, capacity 16959K, committed 17048K, reserved 1048576K
}
Event: 3539.312 GC heap after
{Heap after GC invocations=71 (full 0):
 garbage-first heap   total 270336K, used 129442K [0x0000000080000000, 0x0000000100000000)
  region size 1024K, 2 young (2048K), 2 survivors (2048K)
 Metaspace       used 126563K, capacity 130538K, committed 130800K, reserved 1163264K
  class space    used 15549K, capacity 16959K, committed 17048K, reserved 1048576K
}
Event: 3539.531 GC heap before
{Heap before GC invocations=71 (full 0):
 garbage-first heap   total 270336K, used 137634K [0x0000000080000000, 0x0000000100000000)
  region size 1024K, 11 young (11264K), 2 survivors (2048K)
 Metaspace       used 126577K, capacity 130554K, committed 130800K, reserved 1163264K
  class space    used 15551K, capacity 16964K, committed 17048K, reserved 1048576K
}
Event: 3539.553 GC heap after
{Heap after GC invocations=72 (full 0):
 garbage-first heap   total 270336K, used 129381K [0x0000000080000000, 0x0000000100000000)
  region size 1024K, 2 young (2048K), 2 survivors (2048K)
 Metaspace       used 126577K, capacity 130554K, committed 130800K, reserved 1163264K
  class space    used 15551K, capacity 16964K, committed 17048K, reserved 1048576K
}
Event: 3548.568 GC heap before
{Heap before GC invocations=73 (full 0):
 garbage-first heap   total 270336K, used 236901K [0x0000000080000000, 0x0000000100000000)
  region size 1024K, 93 young (95232K), 2 survivors (2048K)
 Metaspace       used 126913K, capacity 131150K, committed 131440K, reserved 1163264K
  class space    used 15622K, capacity 17094K, committed 17176K, reserved 1048576K
}
Event: 3548.626 GC heap after
{Heap after GC invocations=74 (full 0):
 garbage-first heap   total 270336K, used 133074K [0x0000000080000000, 0x0000000100000000)
  region size 1024K, 10 young (10240K), 10 survivors (10240K)
 Metaspace       used 126913K, capacity 131150K, committed 131440K, reserved 1163264K
  class space    used 15622K, capacity 17094K, committed 17176K, reserved 1048576K
}
Event: 3548.641 GC heap before
{Heap before GC invocations=74 (full 0):
 garbage-first heap   total 270336K, used 136146K [0x0000000080000000, 0x0000000100000000)
  region size 1024K, 13 young (13312K), 10 survivors (10240K)
 Metaspace       used 126913K, capacity 131150K, committed 131440K, reserved 1163264K
  class space    used 15622K, capacity 17094K, committed 17176K, reserved 1048576K
}
Event: 3548.717 GC heap after
{Heap after GC invocations=75 (full 0):
 garbage-first heap   total 270336K, used 119833K [0x0000000080000000, 0x0000000100000000)
  region size 1024K, 2 young (2048K), 2 survivors (2048K)
 Metaspace       used 126913K, capacity 131150K, committed 131440K, reserved 1163264K
  class space    used 15622K, capacity 17094K, committed 17176K, reserved 1048576K
}
Event: 3548.851 GC heap before
{Heap before GC invocations=75 (full 0):
 garbage-first heap   total 270336K, used 130073K [0x0000000080000000, 0x0000000100000000)
  region size 1024K, 13 young (13312K), 2 survivors (2048K)
 Metaspace       used 126914K, capacity 131150K, committed 131440K, reserved 1163264K
  class space    used 15622K, capacity 17094K, committed 17176K, reserved 1048576K
}
Event: 3548.876 GC heap after
{Heap after GC invocations=76 (full 0):
 garbage-first heap   total 270336K, used 120358K [0x0000000080000000, 0x0000000100000000)
  region size 1024K, 2 young (2048K), 2 survivors (2048K)
 Metaspace       used 126914K, capacity 131150K, committed 131440K, reserved 1163264K
  class space    used 15622K, capacity 17094K, committed 17176K, reserved 1048576K
}
Event: 3549.818 GC heap before
{Heap before GC invocations=76 (full 0):
 garbage-first heap   total 270336K, used 141862K [0x0000000080000000, 0x0000000100000000)
  region size 1024K, 25 young (25600K), 2 survivors (2048K)
 Metaspace       used 126965K, capacity 131204K, committed 131440K, reserved 1163264K
  class space    used 15631K, capacity 17112K, committed 17176K, reserved 1048576K
}
Event: 3549.831 GC heap after
{Heap after GC invocations=77 (full 0):
 garbage-first heap   total 270336K, used 121640K [0x0000000080000000, 0x0000000100000000)
  region size 1024K, 3 young (3072K), 3 survivors (3072K)
 Metaspace       used 126965K, capacity 131204K, committed 131440K, reserved 1163264K
  class space    used 15631K, capacity 17112K, committed 17176K, reserved 1048576K
}
Event: 4252.107 GC heap before
{Heap before GC invocations=78 (full 0):
 garbage-first heap   total 270336K, used 230184K [0x0000000080000000, 0x0000000100000000)
  region size 1024K, 96 young (98304K), 3 survivors (3072K)
 Metaspace       used 127255K, capacity 131470K, committed 131696K, reserved 1163264K
  class space    used 15666K, capacity 17174K, committed 17176K, reserved 1048576K
}
Event: 4252.319 GC heap after
{Heap after GC invocations=79 (full 0):
 garbage-first heap   total 270336K, used 124842K [0x0000000080000000, 0x0000000100000000)
  region size 1024K, 4 young (4096K), 4 survivors (4096K)
 Metaspace       used 127255K, capacity 131470K, committed 131696K, reserved 1163264K
  class space    used 15666K, capacity 17174K, committed 17176K, reserved 1048576K
}
Event: 4252.579 GC heap before
{Heap before GC invocations=79 (full 0):
 garbage-first heap   total 270336K, used 134058K [0x0000000080000000, 0x0000000100000000)
  region size 1024K, 13 young (13312K), 4 survivors (4096K)
 Metaspace       used 127265K, capacity 131471K, committed 131696K, reserved 1163264K
  class space    used 15666K, capacity 17174K, committed 17176K, reserved 1048576K
}
Event: 4252.686 GC heap after
{Heap after GC invocations=80 (full 0):
 garbage-first heap   total 270336K, used 119099K [0x0000000080000000, 0x0000000100000000)
  region size 1024K, 1 young (1024K), 1 survivors (1024K)
 Metaspace       used 127265K, capacity 131471K, committed 131696K, reserved 1163264K
  class space    used 15666K, capacity 17174K, committed 17176K, reserved 1048576K
}
Event: 4256.448 GC heap before
{Heap before GC invocations=80 (full 0):
 garbage-first heap   total 270336K, used 162107K [0x0000000080000000, 0x0000000100000000)
  region size 1024K, 45 young (46080K), 1 survivors (1024K)
 Metaspace       used 127408K, capacity 131538K, committed 131696K, reserved 1163264K
  class space    used 15666K, capacity 17174K, committed 17176K, reserved 1048576K
}
Event: 4256.507 GC heap after
{Heap after GC invocations=81 (full 0):
 garbage-first heap   total 270336K, used 125381K [0x0000000080000000, 0x0000000100000000)
  region size 1024K, 7 young (7168K), 7 survivors (7168K)
 Metaspace       used 127408K, capacity 131538K, committed 131696K, reserved 1163264K
  class space    used 15666K, capacity 17174K, committed 17176K, reserved 1048576K
}

